<?xml version="1.0" encoding="UTF-8"?>
<!-- Generated by org.testng.reporters.JUnitXMLReporter -->
<testsuite ignored="0" hostname="GYANESH-PC" failures="0" tests="4" name="Login Page Test_chrome94" time="0.139" errors="0" timestamp="2021-10-07T13:54:34 IST">
  <testcase classname="test.BaseTest" name="@BeforeTest setUp" time="-1.633595074689E9">
    <failure type="org.testng.TestNGException" message="
Parameter &amp;apos;browserVersion&amp;apos; is required by BeforeTest on method setUp but has not been marked @Optional or defined
in E:\Advanced Automation\SeptPOM\src\test\resources\TestSuites\testng_regression.xml">
      <![CDATA[org.testng.TestNGException: 
Parameter 'browserVersion' is required by BeforeTest on method setUp but has not been marked @Optional or defined
in E:\Advanced Automation\SeptPOM\src\test\resources\TestSuites\testng_regression.xml
at org.testng.internal.Parameters.createParams(Parameters.java:270)
at org.testng.internal.Parameters.createParametersForMethod(Parameters.java:358)
at org.testng.internal.Parameters.createParameters(Parameters.java:700)
at org.testng.internal.Parameters.createConfigurationParameters(Parameters.java:168)
at org.testng.internal.ConfigInvoker.invokeConfigurations(ConfigInvoker.java:302)
at org.testng.TestRunner.invokeTestConfigurations(TestRunner.java:637)
at org.testng.TestRunner.beforeRun(TestRunner.java:627)
at org.testng.TestRunner.run(TestRunner.java:589)
at org.testng.SuiteRunner.runTest(SuiteRunner.java:377)
at org.testng.SuiteRunner.access$000(SuiteRunner.java:28)
at org.testng.SuiteRunner$SuiteWorker.run(SuiteRunner.java:418)
at org.testng.internal.thread.ThreadUtil.lambda$execute$0(ThreadUtil.java:64)
at java.base/java.util.concurrent.FutureTask.run(FutureTask.java:264)
at java.base/java.util.concurrent.ThreadPoolExecutor.runWorker(ThreadPoolExecutor.java:1130)
at java.base/java.util.concurrent.ThreadPoolExecutor$Worker.run(ThreadPoolExecutor.java:630)
at java.base/java.lang.Thread.run(Thread.java:831)
]]>
    </failure>
  </testcase> <!-- @BeforeTest setUp -->
  <testcase classname="test.BaseTest" name="@BeforeTest setUp" time="-1.633595074689E9">
    <failure type="org.testng.TestNGException" message="
Parameter &amp;apos;browserVersion&amp;apos; is required by BeforeTest on method setUp but has not been marked @Optional or defined
in E:\Advanced Automation\SeptPOM\src\test\resources\TestSuites\testng_regression.xml">
      <![CDATA[org.testng.TestNGException: 
Parameter 'browserVersion' is required by BeforeTest on method setUp but has not been marked @Optional or defined
in E:\Advanced Automation\SeptPOM\src\test\resources\TestSuites\testng_regression.xml
at org.testng.internal.Parameters.createParams(Parameters.java:270)
at org.testng.internal.Parameters.createParametersForMethod(Parameters.java:358)
at org.testng.internal.Parameters.createParameters(Parameters.java:700)
at org.testng.internal.Parameters.createConfigurationParameters(Parameters.java:168)
at org.testng.internal.ConfigInvoker.invokeConfigurations(ConfigInvoker.java:302)
at org.testng.TestRunner.invokeTestConfigurations(TestRunner.java:637)
at org.testng.TestRunner.beforeRun(TestRunner.java:627)
at org.testng.TestRunner.run(TestRunner.java:589)
at org.testng.SuiteRunner.runTest(SuiteRunner.java:377)
at org.testng.SuiteRunner.access$000(SuiteRunner.java:28)
at org.testng.SuiteRunner$SuiteWorker.run(SuiteRunner.java:418)
at org.testng.internal.thread.ThreadUtil.lambda$execute$0(ThreadUtil.java:64)
at java.base/java.util.concurrent.FutureTask.run(FutureTask.java:264)
at java.base/java.util.concurrent.ThreadPoolExecutor.runWorker(ThreadPoolExecutor.java:1130)
at java.base/java.util.concurrent.ThreadPoolExecutor$Worker.run(ThreadPoolExecutor.java:630)
at java.base/java.lang.Thread.run(Thread.java:831)
]]>
    </failure>
  </testcase> <!-- @BeforeTest setUp -->
  <testcase classname="test.DashBoardPageTest" name="@BeforeClass dashBoardPageSetup" time="-1.633595074746E9">
    <skipped/>
  </testcase> <!-- @BeforeClass dashBoardPageSetup -->
  <testcase classname="test.BaseTest" name="@AfterTest tearDown" time="-1.633595074815E9">
    <skipped/>
  </testcase> <!-- @AfterTest tearDown -->
  <testcase classname="test.LoginPageTest" name="loginPageTitleTest" time="0.0">
    <skipped/>
  </testcase> <!-- loginPageTitleTest -->
  <testcase classname="test.LoginPageTest" name="forgotPwdLinkTest" time="0.0">
    <skipped/>
  </testcase> <!-- forgotPwdLinkTest -->
  <testcase classname="test.LoginPageTest" name="logoTest" time="0.0">
    <skipped/>
  </testcase> <!-- logoTest -->
  <testcase classname="test.LoginPageTest" name="loginTest" time="0.0">
    <skipped/>
  </testcase> <!-- loginTest -->
</testsuite> <!-- Login Page Test_chrome94 -->
